2025-02-08 18:17:15,713 ERROR [JavaFX Application Thread] h.j.e.s.AuthService [AuthService.java:22] Pokušaj prijave korisnika koji ne postoji
2025-02-08 18:17:20,545 ERROR [JavaFX Application Thread] h.j.e.s.AuthService [AuthService.java:22] Pokušaj prijave korisnika koji ne postoji
2025-02-08 22:17:33,475 ERROR [JavaFX Application Thread] h.j.e.s.AuthService [AuthService.java:37] Pokušaj prijave s krivom lozinkom za korisnika: adminUser@admin.com 
2025-02-08 22:18:20,482 ERROR [JavaFX Application Thread] h.j.e.s.AuthService [AuthService.java:32] Pokušaj prijave korisnika koji ne postoji
2025-02-10 10:31:26,957 ERROR [JavaFX Application Thread] h.j.e.s.AuthService [AuthService.java:37] Pokušaj prijave s krivom lozinkom za korisnika: adminUser@admin.com 
2025-02-10 10:34:53,951 ERROR [JavaFX Application Thread] h.j.e.s.AuthService [AuthService.java:37] Pokušaj prijave s krivom lozinkom za korisnika: adminUser@admin.com 
2025-02-15 18:29:48,641 ERROR [JavaFX Application Thread] h.j.e.h.LoggerUtil [LoggerUtil.java:13] The url cannot be null
2025-02-15 18:29:50,762 ERROR [JavaFX Application Thread] h.j.e.h.LoggerUtil [LoggerUtil.java:13] The url cannot be null
2025-02-15 18:29:51,242 ERROR [JavaFX Application Thread] h.j.e.h.LoggerUtil [LoggerUtil.java:13] The url cannot be null
2025-02-15 18:29:51,428 ERROR [JavaFX Application Thread] h.j.e.h.LoggerUtil [LoggerUtil.java:13] The url cannot be null
2025-02-15 18:29:51,614 ERROR [JavaFX Application Thread] h.j.e.h.LoggerUtil [LoggerUtil.java:13] The url cannot be null
2025-02-15 18:29:51,787 ERROR [JavaFX Application Thread] h.j.e.h.LoggerUtil [LoggerUtil.java:13] The url cannot be null
2025-02-15 18:29:52,139 ERROR [JavaFX Application Thread] h.j.e.h.LoggerUtil [LoggerUtil.java:13] The url cannot be null
2025-02-15 18:29:52,340 ERROR [JavaFX Application Thread] h.j.e.h.LoggerUtil [LoggerUtil.java:13] The url cannot be null
2025-02-15 18:29:52,519 ERROR [JavaFX Application Thread] h.j.e.h.LoggerUtil [LoggerUtil.java:13] The url cannot be null
2025-02-15 18:29:52,684 ERROR [JavaFX Application Thread] h.j.e.h.LoggerUtil [LoggerUtil.java:13] The url cannot be null
2025-02-15 18:29:52,890 ERROR [JavaFX Application Thread] h.j.e.h.LoggerUtil [LoggerUtil.java:13] The url cannot be null
2025-02-15 18:29:53,056 ERROR [JavaFX Application Thread] h.j.e.h.LoggerUtil [LoggerUtil.java:13] The url cannot be null
2025-02-15 18:29:53,219 ERROR [JavaFX Application Thread] h.j.e.h.LoggerUtil [LoggerUtil.java:13] The url cannot be null
2025-02-15 18:29:53,404 ERROR [JavaFX Application Thread] h.j.e.h.LoggerUtil [LoggerUtil.java:13] The url cannot be null
2025-02-15 18:29:53,583 ERROR [JavaFX Application Thread] h.j.e.h.LoggerUtil [LoggerUtil.java:13] The url cannot be null
2025-02-15 18:31:14,588 ERROR [JavaFX Application Thread] h.j.e.h.LoggerUtil [LoggerUtil.java:13] The url cannot be null
2025-02-15 22:52:33,343 ERROR [JavaFX Application Thread] h.j.e.h.LoggerUtil [LoggerUtil.java:13] Connection is broken: "java.net.ConnectException: Connection refused: getsockopt: localhost" [90067-232]
2025-02-15 22:52:40,079 ERROR [JavaFX Application Thread] h.j.e.h.LoggerUtil [LoggerUtil.java:13] Connection is broken: "java.net.ConnectException: Connection refused: getsockopt: localhost" [90067-232]
2025-02-15 22:52:43,193 ERROR [JavaFX Application Thread] h.j.e.h.LoggerUtil [LoggerUtil.java:13] Connection is broken: "java.net.ConnectException: Connection refused: getsockopt: localhost" [90067-232]
2025-02-15 22:52:46,638 ERROR [JavaFX Application Thread] h.j.e.h.LoggerUtil [LoggerUtil.java:13] Connection is broken: "java.net.ConnectException: Connection refused: getsockopt: localhost" [90067-232]
2025-02-15 22:52:47,911 ERROR [JavaFX Application Thread] h.j.e.h.LoggerUtil [LoggerUtil.java:13] Connection is broken: "java.net.ConnectException: Connection refused: getsockopt: localhost" [90067-232]
2025-02-16 12:32:00,252 ERROR [JavaFX Application Thread] h.j.e.h.LoggerUtil [LoggerUtil.java:17] Pokušaj prijave s krivom lozinkom za korisnika: adminUser@admin.com 
2025-02-16 12:32:07,449 ERROR [JavaFX Application Thread] h.j.e.h.LoggerUtil [LoggerUtil.java:17] Pokušaj prijave s krivom lozinkom za korisnika: adminUser@admin.com 
2025-02-16 12:32:17,460 ERROR [JavaFX Application Thread] h.j.e.h.LoggerUtil [LoggerUtil.java:13] Connection is broken: "java.net.ConnectException: Connection refused: getsockopt: localhost" [90067-232]
2025-02-16 12:34:19,692 ERROR [JavaFX Application Thread] h.j.e.h.LoggerUtil [LoggerUtil.java:13] Scalar subquery contains more than one row; SQL statement:
SELECT * FROM employee WHERE department_id = (SELECT id FROM department WHERE name = ?) [90053-232]
2025-02-16 12:34:19,693 ERROR [JavaFX Application Thread] h.j.e.h.LoggerUtil [LoggerUtil.java:13] Scalar subquery contains more than one row; SQL statement:
SELECT * FROM employee WHERE department_id = (SELECT id FROM department WHERE name = ?) [90053-232]
2025-02-16 12:35:08,030 ERROR [JavaFX Application Thread] h.j.e.h.LoggerUtil [LoggerUtil.java:17] Pokušaj prijave s krivom lozinkom za korisnika: adminUser@admin.com 
2025-02-16 12:35:16,111 ERROR [JavaFX Application Thread] h.j.e.h.LoggerUtil [LoggerUtil.java:13] Scalar subquery contains more than one row; SQL statement:
SELECT * FROM employee WHERE department_id = (SELECT id FROM department WHERE name = ?) [90053-232]
2025-02-16 12:35:16,112 ERROR [JavaFX Application Thread] h.j.e.h.LoggerUtil [LoggerUtil.java:13] Scalar subquery contains more than one row; SQL statement:
SELECT * FROM employee WHERE department_id = (SELECT id FROM department WHERE name = ?) [90053-232]
2025-02-16 12:35:58,649 ERROR [JavaFX Application Thread] h.j.e.h.LoggerUtil [LoggerUtil.java:13] Scalar subquery contains more than one row; SQL statement:
SELECT * FROM employee WHERE department_id = (SELECT id FROM department WHERE name = ?) [90053-232]
2025-02-16 12:35:58,651 ERROR [JavaFX Application Thread] h.j.e.h.LoggerUtil [LoggerUtil.java:13] Scalar subquery contains more than one row; SQL statement:
SELECT * FROM employee WHERE department_id = (SELECT id FROM department WHERE name = ?) [90053-232]
2025-02-16 12:38:39,478 ERROR [JavaFX Application Thread] h.j.e.h.LoggerUtil [LoggerUtil.java:13] Scalar subquery contains more than one row; SQL statement:
SELECT * FROM employee WHERE department_id = (SELECT id FROM department WHERE name = ?) [90053-232]
2025-02-16 12:38:39,480 ERROR [JavaFX Application Thread] h.j.e.h.LoggerUtil [LoggerUtil.java:13] Scalar subquery contains more than one row; SQL statement:
SELECT * FROM employee WHERE department_id = (SELECT id FROM department WHERE name = ?) [90053-232]
2025-02-16 12:38:58,364 ERROR [JavaFX Application Thread] h.j.e.h.LoggerUtil [LoggerUtil.java:13] Scalar subquery contains more than one row; SQL statement:
SELECT * FROM employee WHERE department_id = (SELECT id FROM department WHERE name = ?) [90053-232]
2025-02-16 12:38:58,366 ERROR [JavaFX Application Thread] h.j.e.h.LoggerUtil [LoggerUtil.java:13] Scalar subquery contains more than one row; SQL statement:
SELECT * FROM employee WHERE department_id = (SELECT id FROM department WHERE name = ?) [90053-232]
2025-02-16 12:46:03,881 ERROR [JavaFX Application Thread] h.j.e.h.LoggerUtil [LoggerUtil.java:13] Scalar subquery contains more than one row; SQL statement:
SELECT * FROM employee WHERE department_id = (SELECT id FROM department WHERE name = ?) [90053-232]
2025-02-16 12:46:03,883 ERROR [JavaFX Application Thread] h.j.e.h.LoggerUtil [LoggerUtil.java:13] Scalar subquery contains more than one row; SQL statement:
SELECT * FROM employee WHERE department_id = (SELECT id FROM department WHERE name = ?) [90053-232]
2025-02-16 12:46:20,061 ERROR [JavaFX Application Thread] h.j.e.h.LoggerUtil [LoggerUtil.java:13] Scalar subquery contains more than one row; SQL statement:
SELECT * FROM employee WHERE department_id = (SELECT id FROM department WHERE name = ?) [90053-232]
2025-02-16 12:46:20,062 ERROR [JavaFX Application Thread] h.j.e.h.LoggerUtil [LoggerUtil.java:13] Scalar subquery contains more than one row; SQL statement:
SELECT * FROM employee WHERE department_id = (SELECT id FROM department WHERE name = ?) [90053-232]
2025-02-16 13:09:22,461 ERROR [JavaFX Application Thread] h.j.e.h.LoggerUtil [LoggerUtil.java:13] Scalar subquery contains more than one row; SQL statement:
SELECT * FROM employee WHERE department_id = (SELECT id FROM department WHERE name = ?) [90053-232]
2025-02-16 13:09:22,464 ERROR [JavaFX Application Thread] h.j.e.h.LoggerUtil [LoggerUtil.java:13] Scalar subquery contains more than one row; SQL statement:
SELECT * FROM employee WHERE department_id = (SELECT id FROM department WHERE name = ?) [90053-232]
2025-02-16 13:09:46,028 ERROR [JavaFX Application Thread] h.j.e.h.LoggerUtil [LoggerUtil.java:13] Scalar subquery contains more than one row; SQL statement:
SELECT * FROM employee WHERE department_id = (SELECT id FROM department WHERE name = ?) [90053-232]
2025-02-16 13:09:46,031 ERROR [JavaFX Application Thread] h.j.e.h.LoggerUtil [LoggerUtil.java:13] Scalar subquery contains more than one row; SQL statement:
SELECT * FROM employee WHERE department_id = (SELECT id FROM department WHERE name = ?) [90053-232]
2025-02-16 13:27:58,461 ERROR [JavaFX Application Thread] h.j.e.h.LoggerUtil [LoggerUtil.java:13] Scalar subquery contains more than one row; SQL statement:
SELECT * FROM employee WHERE department_id = (SELECT id FROM department WHERE name = ?) [90053-232]
2025-02-16 13:27:58,463 ERROR [JavaFX Application Thread] h.j.e.h.LoggerUtil [LoggerUtil.java:13] Scalar subquery contains more than one row; SQL statement:
SELECT * FROM employee WHERE department_id = (SELECT id FROM department WHERE name = ?) [90053-232]
2025-02-16 17:39:26,879 ERROR [JavaFX Application Thread] h.j.e.h.LoggerUtil [LoggerUtil.java:13] Scalar subquery contains more than one row; SQL statement:
SELECT * FROM employee WHERE department_id = (SELECT id FROM department WHERE name = ?) [90053-232]
2025-02-16 17:39:26,882 ERROR [JavaFX Application Thread] h.j.e.h.LoggerUtil [LoggerUtil.java:13] Scalar subquery contains more than one row; SQL statement:
SELECT * FROM employee WHERE department_id = (SELECT id FROM department WHERE name = ?) [90053-232]
2025-02-16 17:39:36,209 ERROR [JavaFX Application Thread] h.j.e.h.LoggerUtil [LoggerUtil.java:13] Scalar subquery contains more than one row; SQL statement:
SELECT * FROM employee WHERE department_id = (SELECT id FROM department WHERE name = ?) [90053-232]
2025-02-16 17:39:36,217 ERROR [JavaFX Application Thread] h.j.e.h.LoggerUtil [LoggerUtil.java:13] Scalar subquery contains more than one row; SQL statement:
SELECT * FROM employee WHERE department_id = (SELECT id FROM department WHERE name = ?) [90053-232]
2025-02-16 17:39:45,697 ERROR [JavaFX Application Thread] h.j.e.h.LoggerUtil [LoggerUtil.java:13] Scalar subquery contains more than one row; SQL statement:
SELECT * FROM employee WHERE department_id = (SELECT id FROM department WHERE name = ?) [90053-232]
2025-02-16 17:39:45,698 ERROR [JavaFX Application Thread] h.j.e.h.LoggerUtil [LoggerUtil.java:13] Scalar subquery contains more than one row; SQL statement:
SELECT * FROM employee WHERE department_id = (SELECT id FROM department WHERE name = ?) [90053-232]
2025-02-16 17:40:14,870 ERROR [JavaFX Application Thread] h.j.e.h.LoggerUtil [LoggerUtil.java:13] NULL not allowed for column "DEPARTMENT_ID"; SQL statement:
DELETE FROM department WHERE name = ? [23502-232]
2025-02-16 17:40:14,880 ERROR [JavaFX Application Thread] h.j.e.h.LoggerUtil [LoggerUtil.java:13] Scalar subquery contains more than one row; SQL statement:
SELECT * FROM employee WHERE department_id = (SELECT id FROM department WHERE name = ?) [90053-232]
2025-02-16 17:40:14,882 ERROR [JavaFX Application Thread] h.j.e.h.LoggerUtil [LoggerUtil.java:13] Scalar subquery contains more than one row; SQL statement:
SELECT * FROM employee WHERE department_id = (SELECT id FROM department WHERE name = ?) [90053-232]
2025-02-16 17:40:17,164 ERROR [JavaFX Application Thread] h.j.e.h.LoggerUtil [LoggerUtil.java:13] Scalar subquery contains more than one row; SQL statement:
SELECT * FROM employee WHERE department_id = (SELECT id FROM department WHERE name = ?) [90053-232]
2025-02-16 17:40:17,166 ERROR [JavaFX Application Thread] h.j.e.h.LoggerUtil [LoggerUtil.java:13] Scalar subquery contains more than one row; SQL statement:
SELECT * FROM employee WHERE department_id = (SELECT id FROM department WHERE name = ?) [90053-232]
2025-02-16 17:40:48,366 ERROR [JavaFX Application Thread] h.j.e.h.LoggerUtil [LoggerUtil.java:13] Scalar subquery contains more than one row; SQL statement:
SELECT * FROM employee WHERE department_id = (SELECT id FROM department WHERE name = ?) [90053-232]
2025-02-16 17:40:48,367 ERROR [JavaFX Application Thread] h.j.e.h.LoggerUtil [LoggerUtil.java:13] Scalar subquery contains more than one row; SQL statement:
SELECT * FROM employee WHERE department_id = (SELECT id FROM department WHERE name = ?) [90053-232]
2025-02-16 17:40:51,241 ERROR [JavaFX Application Thread] h.j.e.h.LoggerUtil [LoggerUtil.java:13] NULL not allowed for column "DEPARTMENT_ID"; SQL statement:
DELETE FROM department WHERE name = ? [23502-232]
2025-02-16 17:40:51,249 ERROR [JavaFX Application Thread] h.j.e.h.LoggerUtil [LoggerUtil.java:13] Scalar subquery contains more than one row; SQL statement:
SELECT * FROM employee WHERE department_id = (SELECT id FROM department WHERE name = ?) [90053-232]
2025-02-16 17:40:51,250 ERROR [JavaFX Application Thread] h.j.e.h.LoggerUtil [LoggerUtil.java:13] Scalar subquery contains more than one row; SQL statement:
SELECT * FROM employee WHERE department_id = (SELECT id FROM department WHERE name = ?) [90053-232]
2025-02-16 17:43:55,139 ERROR [JavaFX Application Thread] h.j.e.h.LoggerUtil [LoggerUtil.java:13] Scalar subquery contains more than one row; SQL statement:
SELECT * FROM employee WHERE department_id = (SELECT id FROM department WHERE name = ?) [90053-232]
2025-02-16 17:43:55,160 ERROR [JavaFX Application Thread] h.j.e.h.LoggerUtil [LoggerUtil.java:13] Scalar subquery contains more than one row; SQL statement:
SELECT * FROM employee WHERE department_id = (SELECT id FROM department WHERE name = ?) [90053-232]
2025-02-16 17:44:09,759 ERROR [JavaFX Application Thread] h.j.e.h.LoggerUtil [LoggerUtil.java:13] Scalar subquery contains more than one row; SQL statement:
SELECT * FROM employee WHERE department_id = (SELECT id FROM department WHERE name = ?) [90053-232]
2025-02-16 17:44:09,761 ERROR [JavaFX Application Thread] h.j.e.h.LoggerUtil [LoggerUtil.java:13] Scalar subquery contains more than one row; SQL statement:
SELECT * FROM employee WHERE department_id = (SELECT id FROM department WHERE name = ?) [90053-232]
2025-02-16 17:44:35,085 ERROR [JavaFX Application Thread] h.j.e.h.LoggerUtil [LoggerUtil.java:13] NULL not allowed for column "DEPARTMENT_ID"; SQL statement:
DELETE FROM department WHERE name = ? [23502-232]
2025-02-16 17:44:36,186 ERROR [JavaFX Application Thread] h.j.e.h.LoggerUtil [LoggerUtil.java:13] Scalar subquery contains more than one row; SQL statement:
SELECT * FROM employee WHERE department_id = (SELECT id FROM department WHERE name = ?) [90053-232]
2025-02-16 17:44:36,197 ERROR [JavaFX Application Thread] h.j.e.h.LoggerUtil [LoggerUtil.java:13] Scalar subquery contains more than one row; SQL statement:
SELECT * FROM employee WHERE department_id = (SELECT id FROM department WHERE name = ?) [90053-232]
2025-02-16 18:02:22,058 ERROR [JavaFX Application Thread] h.j.e.h.LoggerUtil [LoggerUtil.java:13] Odjel s imenom Informatički odjel već postoji.
2025-02-16 18:03:13,339 ERROR [JavaFX Application Thread] h.j.e.h.LoggerUtil [LoggerUtil.java:13] Odjel s imenom Informatički odjel već postoji.
2025-02-16 18:11:25,333 ERROR [JavaFX Application Thread] h.j.e.h.LoggerUtil [LoggerUtil.java:13] Odjel s imenom Informatički odjel već postoji.
2025-02-16 18:11:41,299 ERROR [JavaFX Application Thread] h.j.e.h.LoggerUtil [LoggerUtil.java:13] Odjel s imenom Informatički odjel već postoji.
2025-02-16 18:11:53,885 ERROR [JavaFX Application Thread] h.j.e.h.LoggerUtil [LoggerUtil.java:13] NULL not allowed for column "DEPARTMENT_ID"; SQL statement:
DELETE FROM department WHERE name = ? [23502-232]
2025-02-16 18:12:00,292 ERROR [JavaFX Application Thread] h.j.e.h.LoggerUtil [LoggerUtil.java:13] NULL not allowed for column "DEPARTMENT_ID"; SQL statement:
DELETE FROM department WHERE name = ? [23502-232]
2025-02-16 18:13:39,276 ERROR [JavaFX Application Thread] h.j.e.h.LoggerUtil [LoggerUtil.java:17] Pokušaj prijave s krivom lozinkom za korisnika: adminUser@admin.com 
2025-02-16 18:14:49,895 ERROR [JavaFX Application Thread] h.j.e.h.LoggerUtil [LoggerUtil.java:13] NULL not allowed for column "DEPARTMENT_ID"; SQL statement:
DELETE FROM department WHERE name = ? [23502-232]
2025-02-16 18:32:51,668 ERROR [JavaFX Application Thread] h.j.e.h.LoggerUtil [LoggerUtil.java:17] Pokušaj prijave s krivom lozinkom za korisnika: adminUser@admin.com 
2025-02-16 18:58:28,662 ERROR [JavaFX Application Thread] h.j.e.h.LoggerUtil [LoggerUtil.java:17] Pokušaj prijave s krivom lozinkom za korisnika: adminUser@admin.com 
2025-02-17 00:35:57,951 ERROR [JavaFX Application Thread] h.j.e.h.LoggerUtil [LoggerUtil.java:17] Pokušaj prijave s krivom lozinkom za korisnika: adminUser@admin.com 
2025-02-17 00:36:30,376 ERROR [JavaFX Application Thread] h.j.e.h.LoggerUtil [LoggerUtil.java:17] Pokušaj prijave s krivom lozinkom za korisnika: adminUser@admin.com 
2025-02-17 10:10:36,053 ERROR [JavaFX Application Thread] h.j.e.h.LoggerUtil [LoggerUtil.java:17] Pokušaj prijave s krivom lozinkom za korisnika: adminUser@admin.com 
2025-02-17 10:15:19,601 ERROR [JavaFX Application Thread] h.j.e.h.LoggerUtil [LoggerUtil.java:17] Pokušaj prijave s krivom lozinkom za korisnika: adminUser@admin.com 
2025-02-17 10:50:42,602 ERROR [JavaFX Application Thread] h.j.e.h.LoggerUtil [LoggerUtil.java:13] Odjel s imenom Odjel za financije već postoji.
2025-02-17 10:51:05,426 ERROR [JavaFX Application Thread] h.j.e.h.LoggerUtil [LoggerUtil.java:13] Odjel s imenom kjaskjda već postoji.
2025-02-17 10:51:53,412 ERROR [JavaFX Application Thread] h.j.e.h.LoggerUtil [LoggerUtil.java:17] Pokušaj prijave s krivom lozinkom za korisnika: adminUser@admin.com 
2025-02-17 10:51:59,589 ERROR [JavaFX Application Thread] h.j.e.h.LoggerUtil [LoggerUtil.java:17] Pokušaj prijave s krivom lozinkom za korisnika: adminUser@admin.com 
2025-02-17 11:24:30,294 ERROR [JavaFX Application Thread] h.j.e.h.LoggerUtil [LoggerUtil.java:17] Pokušaj prijave s krivom lozinkom za korisnika: adminUser@admin.com 
2025-02-17 13:16:56,901 INFO [JavaFX Application Thread] h.j.e.h.LoggerUtil [LoggerUtil.java:25] Korisnik adminUser@admin.com se uspješno prijavio
2025-02-17 13:17:20,627 ERROR [JavaFX Application Thread] h.j.e.h.LoggerUtil [LoggerUtil.java:17] Pokušaj prijave s krivom lozinkom za korisnika: adminUser@admin.com 
2025-02-17 13:17:24,637 INFO [JavaFX Application Thread] h.j.e.h.LoggerUtil [LoggerUtil.java:25] Korisnik adminUser@admin.com se uspješno prijavio
2025-02-17 13:30:33,282 INFO [JavaFX Application Thread] h.j.e.h.LoggerUtil [LoggerUtil.java:25] Korisnik adminUser@admin.com se uspješno prijavio
2025-02-17 13:33:49,151 INFO [JavaFX Application Thread] h.j.e.h.LoggerUtil [LoggerUtil.java:25] Korisnik adminUser@admin.com se uspješno prijavio
2025-02-17 13:35:52,849 INFO [JavaFX Application Thread] h.j.e.h.LoggerUtil [LoggerUtil.java:25] Korisnik adminUser@admin.com se uspješno prijavio
2025-02-17 13:41:05,883 INFO [JavaFX Application Thread] h.j.e.h.LoggerUtil [LoggerUtil.java:25] Korisnik adminUser@admin.com se uspješno prijavio
2025-02-17 13:52:40,822 INFO [JavaFX Application Thread] h.j.e.h.LoggerUtil [LoggerUtil.java:25] Korisnik adminUser@admin.com se uspješno prijavio
2025-02-17 13:53:34,945 ERROR [JavaFX Application Thread] h.j.e.h.LoggerUtil [LoggerUtil.java:17] Pokušaj prijave s krivom lozinkom za korisnika: adminUser@admin.com 
2025-02-17 13:53:39,662 INFO [JavaFX Application Thread] h.j.e.h.LoggerUtil [LoggerUtil.java:25] Korisnik adminUser@admin.com se uspješno prijavio
2025-02-17 13:56:06,432 INFO [JavaFX Application Thread] h.j.e.h.LoggerUtil [LoggerUtil.java:25] Korisnik adminUser@admin.com se uspješno prijavio
2025-02-17 14:19:04,826 INFO [JavaFX Application Thread] h.j.e.h.LoggerUtil [LoggerUtil.java:25] Korisnik adminUser@admin.com se uspješno prijavio
2025-02-17 17:51:03,761 INFO [JavaFX Application Thread] h.j.e.h.LoggerUtil [LoggerUtil.java:25] Korisnik adminUser@admin.com se uspješno prijavio
2025-02-17 17:51:41,355 INFO [JavaFX Application Thread] h.j.e.h.LoggerUtil [LoggerUtil.java:25] Korisnik petar.peric@firma.com se uspješno registrirao
2025-02-17 17:54:00,002 ERROR [JavaFX Application Thread] h.j.e.h.LoggerUtil [LoggerUtil.java:17] Pokušaj prijave s krivom lozinkom za korisnika: adminUser@admin.com 
2025-02-17 17:54:04,604 INFO [JavaFX Application Thread] h.j.e.h.LoggerUtil [LoggerUtil.java:25] Korisnik adminUser@admin.com se uspješno prijavio
2025-02-17 17:54:50,789 INFO [JavaFX Application Thread] h.j.e.h.LoggerUtil [LoggerUtil.java:25] Korisnik petar.peric@firma.com se uspješno registrirao
2025-02-17 17:55:12,710 INFO [JavaFX Application Thread] h.j.e.h.LoggerUtil [LoggerUtil.java:25] Korisnik petar.peric@firma.com se uspješno prijavio
2025-02-17 19:21:17,252 INFO [JavaFX Application Thread] h.j.e.h.LoggerUtil [LoggerUtil.java:25] Korisnik adminUser@admin.com se uspješno prijavio
2025-02-17 19:23:02,244 INFO [JavaFX Application Thread] h.j.e.h.LoggerUtil [LoggerUtil.java:25] Korisnik adminUser@admin.com se uspješno prijavio
2025-02-17 19:23:45,528 INFO [JavaFX Application Thread] h.j.e.h.LoggerUtil [LoggerUtil.java:25] Korisnik adminUser@admin.com se uspješno prijavio
2025-02-17 19:28:02,574 INFO [JavaFX Application Thread] h.j.e.h.LoggerUtil [LoggerUtil.java:25] Korisnik adminUser@admin.com se uspješno prijavio
2025-02-17 21:05:43,942 INFO [JavaFX Application Thread] h.j.e.h.LoggerUtil [LoggerUtil.java:25] Korisnik adminUser@admin.com se uspješno prijavio
2025-02-17 21:13:46,446 INFO [JavaFX Application Thread] h.j.e.h.LoggerUtil [LoggerUtil.java:25] Korisnik adminUser@admin.com se uspješno prijavio
2025-02-17 22:18:50,394 INFO [JavaFX Application Thread] h.j.e.h.LoggerUtil [LoggerUtil.java:25] Korisnik adminUser@admin.com se uspješno prijavio
2025-02-17 22:20:14,523 INFO [JavaFX Application Thread] h.j.e.h.LoggerUtil [LoggerUtil.java:25] Korisnik petar.peric@firma.com se uspješno prijavio
2025-02-17 22:22:41,008 ERROR [JavaFX Application Thread] h.j.e.h.LoggerUtil [LoggerUtil.java:17] Pokušaj prijave s krivom lozinkom za korisnika: adminUser@admin.com 
2025-02-17 22:22:44,929 ERROR [JavaFX Application Thread] h.j.e.h.LoggerUtil [LoggerUtil.java:17] Pokušaj prijave s krivom lozinkom za korisnika: adminUser@admin.com 
2025-02-17 22:22:51,232 INFO [JavaFX Application Thread] h.j.e.h.LoggerUtil [LoggerUtil.java:25] Korisnik adminUser@admin.com se uspješno prijavio
2025-02-17 22:48:01,815 INFO [JavaFX Application Thread] h.j.e.h.LoggerUtil [LoggerUtil.java:25] Korisnik adminUser@admin.com se uspješno prijavio
2025-02-17 22:59:00,123 ERROR [JavaFX Application Thread] h.j.e.h.LoggerUtil [LoggerUtil.java:17] Pokušaj prijave s krivom lozinkom za korisnika: adminUser@admin.com 
2025-02-17 22:59:04,510 INFO [JavaFX Application Thread] h.j.e.h.LoggerUtil [LoggerUtil.java:25] Korisnik adminUser@admin.com se uspješno prijavio
2025-02-17 23:01:41,002 ERROR [JavaFX Application Thread] h.j.e.h.LoggerUtil [LoggerUtil.java:17] Pokušaj prijave s krivom lozinkom za korisnika: adminUser@admin.com 
2025-02-17 23:01:45,323 INFO [JavaFX Application Thread] h.j.e.h.LoggerUtil [LoggerUtil.java:25] Korisnik adminUser@admin.com se uspješno prijavio
2025-02-17 23:03:11,852 INFO [JavaFX Application Thread] h.j.e.h.LoggerUtil [LoggerUtil.java:25] Korisnik petar.peric@firma.com se uspješno prijavio
2025-02-18 11:33:04,174 ERROR [JavaFX Application Thread] h.j.e.h.LoggerUtil [LoggerUtil.java:17] Pokušaj prijave s krivom lozinkom za korisnika: adminUser@admin.com 
2025-02-18 11:33:08,299 INFO [JavaFX Application Thread] h.j.e.h.LoggerUtil [LoggerUtil.java:25] Korisnik adminUser@admin.com se uspješno prijavio
2025-02-18 11:34:04,539 INFO [JavaFX Application Thread] h.j.e.h.LoggerUtil [LoggerUtil.java:25] Korisnik adminUser@admin.com se uspješno prijavio
2025-02-18 13:12:58,178 ERROR [JavaFX Application Thread] h.j.e.h.LoggerUtil [LoggerUtil.java:17] Pokušaj prijave s krivom lozinkom za korisnika: adminUser@admin.com 
2025-02-18 13:13:02,303 INFO [JavaFX Application Thread] h.j.e.h.LoggerUtil [LoggerUtil.java:25] Korisnik adminUser@admin.com se uspješno prijavio
2025-02-18 15:44:56,749 ERROR [JavaFX Application Thread] h.j.e.h.LoggerUtil [LoggerUtil.java:17] Pokušaj prijave s krivom lozinkom za korisnika: adminUser@admin.com 
2025-02-18 15:45:01,384 INFO [JavaFX Application Thread] h.j.e.h.LoggerUtil [LoggerUtil.java:25] Korisnik adminUser@admin.com se uspješno prijavio
2025-02-18 16:59:52,640 ERROR [JavaFX Application Thread] h.j.e.h.LoggerUtil [LoggerUtil.java:17] Pokušaj prijave s krivom lozinkom za korisnika: adminUser@admin.com 
2025-02-18 16:59:56,463 INFO [JavaFX Application Thread] h.j.e.h.LoggerUtil [LoggerUtil.java:25] Korisnik adminUser@admin.com se uspješno prijavio
2025-02-18 17:04:42,336 ERROR [JavaFX Application Thread] h.j.e.h.LoggerUtil [LoggerUtil.java:17] Pokušaj prijave s krivom lozinkom za korisnika: adminUser@admin.com 
2025-02-18 17:04:46,454 INFO [JavaFX Application Thread] h.j.e.h.LoggerUtil [LoggerUtil.java:25] Korisnik adminUser@admin.com se uspješno prijavio
2025-02-18 17:05:22,642 INFO [JavaFX Application Thread] h.j.e.h.LoggerUtil [LoggerUtil.java:25] Korisnik adminUser@admin.com se uspješno prijavio
2025-02-18 17:09:19,493 ERROR [JavaFX Application Thread] h.j.e.h.LoggerUtil [LoggerUtil.java:17] Pokušaj prijave s krivom lozinkom za korisnika: adminUser@admin.com 
2025-02-18 17:09:23,502 INFO [JavaFX Application Thread] h.j.e.h.LoggerUtil [LoggerUtil.java:25] Korisnik adminUser@admin.com se uspješno prijavio
2025-02-18 17:23:09,792 ERROR [JavaFX Application Thread] h.j.e.h.LoggerUtil [LoggerUtil.java:17] Pokušaj prijave s krivom lozinkom za korisnika: adminUser@admin.com 
2025-02-18 17:23:17,116 INFO [JavaFX Application Thread] h.j.e.h.LoggerUtil [LoggerUtil.java:25] Korisnik adminUser@admin.com se uspješno prijavio
2025-02-18 17:30:59,408 ERROR [JavaFX Application Thread] h.j.e.h.LoggerUtil [LoggerUtil.java:17] Pokušaj prijave s krivom lozinkom za korisnika: adminUser@admin.com 
2025-02-18 17:31:03,335 ERROR [JavaFX Application Thread] h.j.e.h.LoggerUtil [LoggerUtil.java:17] Pokušaj prijave s krivom lozinkom za korisnika: adminUser@admin.com 
2025-02-18 17:31:07,021 INFO [JavaFX Application Thread] h.j.e.h.LoggerUtil [LoggerUtil.java:25] Korisnik adminUser@admin.com se uspješno prijavio
2025-02-18 17:32:05,150 INFO [JavaFX Application Thread] h.j.e.h.LoggerUtil [LoggerUtil.java:25] Korisnik adminUser@admin.com se uspješno prijavio
2025-02-18 17:34:10,201 INFO [JavaFX Application Thread] h.j.e.h.LoggerUtil [LoggerUtil.java:25] Korisnik marko.maric@firma.com se uspješno registrirao
2025-02-18 21:21:02,080 INFO [JavaFX Application Thread] h.j.e.h.LoggerUtil [LoggerUtil.java:25] Korisnik adminUser@admin.com se uspješno prijavio
2025-02-18 22:00:30,840 ERROR [JavaFX Application Thread] h.j.e.h.LoggerUtil [LoggerUtil.java:17] Pokušaj prijave s krivom lozinkom za korisnika: adminUser@admin.com 
2025-02-18 22:00:35,522 ERROR [JavaFX Application Thread] h.j.e.h.LoggerUtil [LoggerUtil.java:17] Pokušaj prijave s krivom lozinkom za korisnika: adminUser@admin.com 
2025-02-18 22:00:39,341 INFO [JavaFX Application Thread] h.j.e.h.LoggerUtil [LoggerUtil.java:25] Korisnik adminUser@admin.com se uspješno prijavio
2025-02-18 22:01:23,771 ERROR [JavaFX Application Thread] h.j.e.h.LoggerUtil [LoggerUtil.java:17] Pokušaj prijave s krivom lozinkom za korisnika: adminUser@admin.com 
2025-02-18 22:01:28,050 INFO [JavaFX Application Thread] h.j.e.h.LoggerUtil [LoggerUtil.java:25] Korisnik adminUser@admin.com se uspješno prijavio
2025-02-18 22:17:11,674 ERROR [JavaFX Application Thread] h.j.e.h.LoggerUtil [LoggerUtil.java:17] Pokušaj prijave s krivom lozinkom za korisnika: adminUser@admin.com 
2025-02-18 22:17:16,359 INFO [JavaFX Application Thread] h.j.e.h.LoggerUtil [LoggerUtil.java:25] Korisnik adminUser@admin.com se uspješno prijavio
2025-02-18 22:40:41,343 ERROR [JavaFX Application Thread] h.j.e.h.LoggerUtil [LoggerUtil.java:17] Pokušaj prijave s krivom lozinkom za korisnika: adminUser@admin.com 
2025-02-18 22:40:47,961 INFO [JavaFX Application Thread] h.j.e.h.LoggerUtil [LoggerUtil.java:25] Korisnik adminUser@admin.com se uspješno prijavio
2025-02-18 22:42:37,775 INFO [JavaFX Application Thread] h.j.e.h.LoggerUtil [LoggerUtil.java:25] Korisnik adminUser@admin.com se uspješno prijavio
2025-02-18 23:08:25,023 ERROR [JavaFX Application Thread] h.j.e.h.LoggerUtil [LoggerUtil.java:17] Pokušaj prijave s krivom lozinkom za korisnika: adminUser@admin.com 
2025-02-18 23:08:28,730 INFO [JavaFX Application Thread] h.j.e.h.LoggerUtil [LoggerUtil.java:25] Korisnik adminUser@admin.com se uspješno prijavio
2025-02-18 23:16:58,256 INFO [JavaFX Application Thread] h.j.e.h.LoggerUtil [LoggerUtil.java:25] Korisnik adminUser@admin.com se uspješno prijavio
2025-02-18 23:18:43,695 ERROR [JavaFX Application Thread] h.j.e.h.LoggerUtil [LoggerUtil.java:17] Pokušaj prijave s krivom lozinkom za korisnika: adminUser@admin.com 
2025-02-18 23:18:47,434 INFO [JavaFX Application Thread] h.j.e.h.LoggerUtil [LoggerUtil.java:25] Korisnik adminUser@admin.com se uspješno prijavio
2025-02-18 23:21:25,100 ERROR [JavaFX Application Thread] h.j.e.h.LoggerUtil [LoggerUtil.java:17] Pokušaj prijave s krivom lozinkom za korisnika: adminUser@admin.com 
2025-02-18 23:21:29,388 INFO [JavaFX Application Thread] h.j.e.h.LoggerUtil [LoggerUtil.java:25] Korisnik adminUser@admin.com se uspješno prijavio
2025-02-19 13:36:49,445 ERROR [JavaFX Application Thread] h.j.e.h.LoggerUtil [LoggerUtil.java:21] Pokušaj prijave s krivom lozinkom za korisnika: adminUser@admin.com 
2025-02-19 13:36:53,930 ERROR [JavaFX Application Thread] h.j.e.h.LoggerUtil [LoggerUtil.java:21] Pokušaj prijave s krivom lozinkom za korisnika: adminUser@admin.com 
2025-02-19 13:36:59,247 INFO [JavaFX Application Thread] h.j.e.h.LoggerUtil [LoggerUtil.java:29] Korisnik adminUser@admin.com se uspješno prijavio
2025-02-19 13:37:04,673 ERROR [JavaFX Application Thread] h.j.e.h.LoggerUtil [LoggerUtil.java:17] Greška pri povezivanju na bazu podataka
2025-02-19 13:37:06,000 ERROR [JavaFX Application Thread] h.j.e.h.LoggerUtil [LoggerUtil.java:17] Greška pri povezivanju na bazu podataka
2025-02-19 13:37:08,880 ERROR [JavaFX Application Thread] h.j.e.h.LoggerUtil [LoggerUtil.java:17] Greška pri povezivanju na bazu podataka
2025-02-19 13:37:13,037 ERROR [JavaFX Application Thread] h.j.e.h.LoggerUtil [LoggerUtil.java:17] Greška pri povezivanju na bazu podataka
2025-02-19 13:37:14,332 ERROR [JavaFX Application Thread] h.j.e.h.LoggerUtil [LoggerUtil.java:17] Greška pri povezivanju na bazu podataka
2025-02-19 13:37:17,201 ERROR [JavaFX Application Thread] h.j.e.h.LoggerUtil [LoggerUtil.java:17] Greška pri povezivanju na bazu podataka
2025-02-19 13:37:20,076 ERROR [JavaFX Application Thread] h.j.e.h.LoggerUtil [LoggerUtil.java:17] Greška pri povezivanju na bazu podataka
2025-02-19 13:37:22,383 ERROR [JavaFX Application Thread] h.j.e.h.LoggerUtil [LoggerUtil.java:17] Greška pri povezivanju na bazu podataka
2025-02-19 13:37:23,731 ERROR [JavaFX Application Thread] h.j.e.h.LoggerUtil [LoggerUtil.java:17] Greška pri povezivanju na bazu podataka
2025-02-19 13:37:25,071 ERROR [JavaFX Application Thread] h.j.e.h.LoggerUtil [LoggerUtil.java:17] Greška pri povezivanju na bazu podataka
2025-02-19 13:37:26,382 ERROR [JavaFX Application Thread] h.j.e.h.LoggerUtil [LoggerUtil.java:17] Greška pri povezivanju na bazu podataka
2025-02-19 13:37:27,667 ERROR [JavaFX Application Thread] h.j.e.h.LoggerUtil [LoggerUtil.java:17] Greška pri povezivanju na bazu podataka
2025-02-19 13:37:28,991 ERROR [JavaFX Application Thread] h.j.e.h.LoggerUtil [LoggerUtil.java:17] Greška pri povezivanju na bazu podataka
2025-02-19 13:37:30,296 ERROR [JavaFX Application Thread] h.j.e.h.LoggerUtil [LoggerUtil.java:17] Greška pri povezivanju na bazu podataka
2025-02-19 13:37:31,630 ERROR [JavaFX Application Thread] h.j.e.h.LoggerUtil [LoggerUtil.java:17] Greška pri povezivanju na bazu podataka
2025-02-19 13:37:32,914 ERROR [JavaFX Application Thread] h.j.e.h.LoggerUtil [LoggerUtil.java:17] Greška pri povezivanju na bazu podataka
2025-02-19 13:37:34,251 ERROR [JavaFX Application Thread] h.j.e.h.LoggerUtil [LoggerUtil.java:17] Greška pri povezivanju na bazu podataka
2025-02-19 13:37:35,567 ERROR [JavaFX Application Thread] h.j.e.h.LoggerUtil [LoggerUtil.java:17] Greška pri povezivanju na bazu podataka
2025-02-19 13:37:36,860 ERROR [JavaFX Application Thread] h.j.e.h.LoggerUtil [LoggerUtil.java:17] Greška pri povezivanju na bazu podataka
2025-02-19 13:37:38,184 ERROR [JavaFX Application Thread] h.j.e.h.LoggerUtil [LoggerUtil.java:17] Greška pri povezivanju na bazu podataka
2025-02-19 13:37:39,477 ERROR [JavaFX Application Thread] h.j.e.h.LoggerUtil [LoggerUtil.java:17] Greška pri povezivanju na bazu podataka
2025-02-19 13:37:40,777 ERROR [JavaFX Application Thread] h.j.e.h.LoggerUtil [LoggerUtil.java:17] Greška pri povezivanju na bazu podataka
2025-02-19 13:37:42,114 ERROR [JavaFX Application Thread] h.j.e.h.LoggerUtil [LoggerUtil.java:17] Greška pri povezivanju na bazu podataka
2025-02-19 13:37:43,459 ERROR [JavaFX Application Thread] h.j.e.h.LoggerUtil [LoggerUtil.java:17] Greška pri povezivanju na bazu podataka
2025-02-19 13:37:44,746 ERROR [JavaFX Application Thread] h.j.e.h.LoggerUtil [LoggerUtil.java:17] Greška pri povezivanju na bazu podataka
2025-02-19 13:37:46,028 ERROR [JavaFX Application Thread] h.j.e.h.LoggerUtil [LoggerUtil.java:17] Greška pri povezivanju na bazu podataka
2025-02-19 13:37:47,351 ERROR [JavaFX Application Thread] h.j.e.h.LoggerUtil [LoggerUtil.java:17] Greška pri povezivanju na bazu podataka
2025-02-19 13:37:48,705 ERROR [JavaFX Application Thread] h.j.e.h.LoggerUtil [LoggerUtil.java:17] Greška pri povezivanju na bazu podataka
2025-02-19 13:37:50,000 ERROR [JavaFX Application Thread] h.j.e.h.LoggerUtil [LoggerUtil.java:17] Greška pri povezivanju na bazu podataka
2025-02-19 13:37:51,364 ERROR [JavaFX Application Thread] h.j.e.h.LoggerUtil [LoggerUtil.java:17] Greška pri povezivanju na bazu podataka
2025-02-19 13:37:52,758 ERROR [JavaFX Application Thread] h.j.e.h.LoggerUtil [LoggerUtil.java:17] Greška pri povezivanju na bazu podataka
2025-02-19 13:37:54,110 ERROR [JavaFX Application Thread] h.j.e.h.LoggerUtil [LoggerUtil.java:17] Greška pri povezivanju na bazu podataka
2025-02-19 13:37:55,446 ERROR [JavaFX Application Thread] h.j.e.h.LoggerUtil [LoggerUtil.java:17] Greška pri povezivanju na bazu podataka
2025-02-19 13:37:56,779 ERROR [JavaFX Application Thread] h.j.e.h.LoggerUtil [LoggerUtil.java:17] Greška pri povezivanju na bazu podataka
2025-02-19 13:37:58,249 ERROR [JavaFX Application Thread] h.j.e.h.LoggerUtil [LoggerUtil.java:17] Greška pri povezivanju na bazu podataka
2025-02-19 13:37:59,588 ERROR [JavaFX Application Thread] h.j.e.h.LoggerUtil [LoggerUtil.java:17] Greška pri povezivanju na bazu podataka
2025-02-19 13:38:00,952 ERROR [JavaFX Application Thread] h.j.e.h.LoggerUtil [LoggerUtil.java:17] Greška pri povezivanju na bazu podataka
2025-02-19 13:38:02,307 ERROR [JavaFX Application Thread] h.j.e.h.LoggerUtil [LoggerUtil.java:17] Greška pri povezivanju na bazu podataka
2025-02-19 13:38:03,675 ERROR [JavaFX Application Thread] h.j.e.h.LoggerUtil [LoggerUtil.java:17] Greška pri povezivanju na bazu podataka
2025-02-19 13:38:05,060 ERROR [JavaFX Application Thread] h.j.e.h.LoggerUtil [LoggerUtil.java:17] Greška pri povezivanju na bazu podataka
2025-02-19 13:38:06,427 ERROR [JavaFX Application Thread] h.j.e.h.LoggerUtil [LoggerUtil.java:17] Greška pri povezivanju na bazu podataka
2025-02-19 13:38:07,804 ERROR [JavaFX Application Thread] h.j.e.h.LoggerUtil [LoggerUtil.java:17] Greška pri povezivanju na bazu podataka
2025-02-19 13:38:09,151 ERROR [JavaFX Application Thread] h.j.e.h.LoggerUtil [LoggerUtil.java:17] Greška pri povezivanju na bazu podataka
2025-02-19 13:38:10,537 ERROR [JavaFX Application Thread] h.j.e.h.LoggerUtil [LoggerUtil.java:17] Greška pri povezivanju na bazu podataka
2025-02-19 13:38:11,852 ERROR [JavaFX Application Thread] h.j.e.h.LoggerUtil [LoggerUtil.java:17] Greška pri povezivanju na bazu podataka
2025-02-19 13:38:13,191 ERROR [JavaFX Application Thread] h.j.e.h.LoggerUtil [LoggerUtil.java:17] Greška pri povezivanju na bazu podataka
2025-02-19 13:38:14,542 ERROR [JavaFX Application Thread] h.j.e.h.LoggerUtil [LoggerUtil.java:17] Greška pri povezivanju na bazu podataka
2025-02-19 13:38:15,908 ERROR [JavaFX Application Thread] h.j.e.h.LoggerUtil [LoggerUtil.java:17] Greška pri povezivanju na bazu podataka
2025-02-19 13:38:17,233 ERROR [JavaFX Application Thread] h.j.e.h.LoggerUtil [LoggerUtil.java:17] Greška pri povezivanju na bazu podataka
2025-02-19 13:38:18,570 ERROR [JavaFX Application Thread] h.j.e.h.LoggerUtil [LoggerUtil.java:17] Greška pri povezivanju na bazu podataka
2025-02-19 13:38:19,926 ERROR [JavaFX Application Thread] h.j.e.h.LoggerUtil [LoggerUtil.java:17] Greška pri povezivanju na bazu podataka
2025-02-19 13:38:21,295 ERROR [JavaFX Application Thread] h.j.e.h.LoggerUtil [LoggerUtil.java:17] Greška pri povezivanju na bazu podataka
2025-02-19 13:38:53,161 INFO [JavaFX Application Thread] h.j.e.h.LoggerUtil [LoggerUtil.java:29] Korisnik adminUser@admin.com se uspješno prijavio
2025-02-19 14:32:48,437 ERROR [JavaFX Application Thread] h.j.e.h.LoggerUtil [LoggerUtil.java:21] Pokušaj prijave s krivom lozinkom za korisnika: adminUser@admin.com 
2025-02-19 14:32:52,997 INFO [JavaFX Application Thread] h.j.e.h.LoggerUtil [LoggerUtil.java:29] Korisnik adminUser@admin.com se uspješno prijavio
2025-02-19 14:34:12,594 INFO [JavaFX Application Thread] h.j.e.h.LoggerUtil [LoggerUtil.java:29] Korisnik adminUser@admin.com se uspješno prijavio
2025-02-19 14:35:01,307 ERROR [JavaFX Application Thread] h.j.e.h.LoggerUtil [LoggerUtil.java:21] Pokušaj prijave s krivom lozinkom za korisnika: adminUser@admin.com 
2025-02-19 14:35:05,494 INFO [JavaFX Application Thread] h.j.e.h.LoggerUtil [LoggerUtil.java:29] Korisnik adminUser@admin.com se uspješno prijavio
2025-02-19 14:38:36,877 ERROR [JavaFX Application Thread] h.j.e.h.LoggerUtil [LoggerUtil.java:21] Pokušaj prijave s krivom lozinkom za korisnika: adminUser@admin.com 
2025-02-19 14:38:40,629 INFO [JavaFX Application Thread] h.j.e.h.LoggerUtil [LoggerUtil.java:29] Korisnik adminUser@admin.com se uspješno prijavio
2025-02-19 14:38:48,534 ERROR [JavaFX Application Thread] h.j.e.h.LoggerUtil [LoggerUtil.java:17] Pogreška prilikom dohvaćanja podataka: Nema zapisa u tablici izvještaja.
2025-02-19 14:38:49,529 ERROR [JavaFX Application Thread] h.j.e.h.LoggerUtil [LoggerUtil.java:17] Pogreška prilikom dohvaćanja podataka: Nema zapisa u tablici izvještaja.
2025-02-19 14:38:50,537 ERROR [JavaFX Application Thread] h.j.e.h.LoggerUtil [LoggerUtil.java:17] Pogreška prilikom dohvaćanja podataka: Nema zapisa u tablici izvještaja.
2025-02-19 14:38:51,529 ERROR [JavaFX Application Thread] h.j.e.h.LoggerUtil [LoggerUtil.java:17] Pogreška prilikom dohvaćanja podataka: Nema zapisa u tablici izvještaja.
2025-02-19 14:38:52,538 ERROR [JavaFX Application Thread] h.j.e.h.LoggerUtil [LoggerUtil.java:17] Pogreška prilikom dohvaćanja podataka: Nema zapisa u tablici izvještaja.
2025-02-19 14:38:52,542 ERROR [JavaFX Application Thread] h.j.e.h.LoggerUtil [LoggerUtil.java:17] Pogreška prilikom dohvaćanja podataka: Nema zapisa u tablici izvještaja.
2025-02-19 14:38:53,529 ERROR [JavaFX Application Thread] h.j.e.h.LoggerUtil [LoggerUtil.java:17] Pogreška prilikom dohvaćanja podataka: Nema zapisa u tablici izvještaja.
2025-02-19 14:38:54,537 ERROR [JavaFX Application Thread] h.j.e.h.LoggerUtil [LoggerUtil.java:17] Pogreška prilikom dohvaćanja podataka: Nema zapisa u tablici izvještaja.
2025-02-19 14:38:55,529 ERROR [JavaFX Application Thread] h.j.e.h.LoggerUtil [LoggerUtil.java:17] Pogreška prilikom dohvaćanja podataka: Nema zapisa u tablici izvještaja.
2025-02-19 14:38:56,537 ERROR [JavaFX Application Thread] h.j.e.h.LoggerUtil [LoggerUtil.java:17] Pogreška prilikom dohvaćanja podataka: Nema zapisa u tablici izvještaja.
2025-02-19 14:38:57,531 ERROR [JavaFX Application Thread] h.j.e.h.LoggerUtil [LoggerUtil.java:17] Pogreška prilikom dohvaćanja podataka: Nema zapisa u tablici izvještaja.
2025-02-19 14:38:57,536 ERROR [JavaFX Application Thread] h.j.e.h.LoggerUtil [LoggerUtil.java:17] Pogreška prilikom dohvaćanja podataka: Nema zapisa u tablici izvještaja.
2025-02-19 14:38:58,538 ERROR [JavaFX Application Thread] h.j.e.h.LoggerUtil [LoggerUtil.java:17] Pogreška prilikom dohvaćanja podataka: Nema zapisa u tablici izvještaja.
2025-02-19 14:38:59,533 ERROR [JavaFX Application Thread] h.j.e.h.LoggerUtil [LoggerUtil.java:17] Pogreška prilikom dohvaćanja podataka: Nema zapisa u tablici izvještaja.
2025-02-19 14:39:00,538 ERROR [JavaFX Application Thread] h.j.e.h.LoggerUtil [LoggerUtil.java:17] Pogreška prilikom dohvaćanja podataka: Nema zapisa u tablici izvještaja.
2025-02-19 14:39:01,529 ERROR [JavaFX Application Thread] h.j.e.h.LoggerUtil [LoggerUtil.java:17] Pogreška prilikom dohvaćanja podataka: Nema zapisa u tablici izvještaja.
2025-02-19 14:39:02,385 ERROR [JavaFX Application Thread] h.j.e.h.LoggerUtil [LoggerUtil.java:17] Pogreška prilikom dohvaćanja podataka: Nema zapisa u tablici izvještaja.
2025-02-19 14:39:02,538 ERROR [JavaFX Application Thread] h.j.e.h.LoggerUtil [LoggerUtil.java:17] Pogreška prilikom dohvaćanja podataka: Nema zapisa u tablici izvještaja.
2025-02-19 14:39:02,542 ERROR [JavaFX Application Thread] h.j.e.h.LoggerUtil [LoggerUtil.java:17] Pogreška prilikom dohvaćanja podataka: Nema zapisa u tablici izvještaja.
2025-02-19 14:39:03,360 ERROR [JavaFX Application Thread] h.j.e.h.LoggerUtil [LoggerUtil.java:17] Pogreška prilikom dohvaćanja podataka: Nema zapisa u tablici izvještaja.
2025-02-19 14:39:03,528 ERROR [JavaFX Application Thread] h.j.e.h.LoggerUtil [LoggerUtil.java:17] Pogreška prilikom dohvaćanja podataka: Nema zapisa u tablici izvještaja.
2025-02-19 14:39:04,533 ERROR [JavaFX Application Thread] h.j.e.h.LoggerUtil [LoggerUtil.java:17] Pogreška prilikom dohvaćanja podataka: Nema zapisa u tablici izvještaja.
2025-02-19 14:39:05,531 ERROR [JavaFX Application Thread] h.j.e.h.LoggerUtil [LoggerUtil.java:17] Pogreška prilikom dohvaćanja podataka: Nema zapisa u tablici izvještaja.
2025-02-19 14:39:06,537 ERROR [JavaFX Application Thread] h.j.e.h.LoggerUtil [LoggerUtil.java:17] Pogreška prilikom dohvaćanja podataka: Nema zapisa u tablici izvještaja.
2025-02-19 14:39:07,524 ERROR [JavaFX Application Thread] h.j.e.h.LoggerUtil [LoggerUtil.java:17] Pogreška prilikom dohvaćanja podataka: Nema zapisa u tablici izvještaja.
2025-02-19 14:39:07,528 ERROR [JavaFX Application Thread] h.j.e.h.LoggerUtil [LoggerUtil.java:17] Pogreška prilikom dohvaćanja podataka: Nema zapisa u tablici izvještaja.
2025-02-19 14:39:08,537 ERROR [JavaFX Application Thread] h.j.e.h.LoggerUtil [LoggerUtil.java:17] Pogreška prilikom dohvaćanja podataka: Nema zapisa u tablici izvještaja.
2025-02-19 14:39:09,529 ERROR [JavaFX Application Thread] h.j.e.h.LoggerUtil [LoggerUtil.java:17] Pogreška prilikom dohvaćanja podataka: Nema zapisa u tablici izvještaja.
2025-02-19 14:39:10,535 ERROR [JavaFX Application Thread] h.j.e.h.LoggerUtil [LoggerUtil.java:17] Pogreška prilikom dohvaćanja podataka: Nema zapisa u tablici izvještaja.
2025-02-19 14:39:11,524 ERROR [JavaFX Application Thread] h.j.e.h.LoggerUtil [LoggerUtil.java:17] Pogreška prilikom dohvaćanja podataka: Nema zapisa u tablici izvještaja.
2025-02-19 14:39:12,532 ERROR [JavaFX Application Thread] h.j.e.h.LoggerUtil [LoggerUtil.java:17] Pogreška prilikom dohvaćanja podataka: Nema zapisa u tablici izvještaja.
2025-02-19 14:39:12,535 ERROR [JavaFX Application Thread] h.j.e.h.LoggerUtil [LoggerUtil.java:17] Pogreška prilikom dohvaćanja podataka: Nema zapisa u tablici izvještaja.
2025-02-19 14:39:13,528 ERROR [JavaFX Application Thread] h.j.e.h.LoggerUtil [LoggerUtil.java:17] Pogreška prilikom dohvaćanja podataka: Nema zapisa u tablici izvještaja.
2025-02-19 14:39:14,534 ERROR [JavaFX Application Thread] h.j.e.h.LoggerUtil [LoggerUtil.java:17] Pogreška prilikom dohvaćanja podataka: Nema zapisa u tablici izvještaja.
2025-02-19 14:39:15,528 ERROR [JavaFX Application Thread] h.j.e.h.LoggerUtil [LoggerUtil.java:17] Pogreška prilikom dohvaćanja podataka: Nema zapisa u tablici izvještaja.
2025-02-19 14:39:16,539 ERROR [JavaFX Application Thread] h.j.e.h.LoggerUtil [LoggerUtil.java:17] Pogreška prilikom dohvaćanja podataka: Nema zapisa u tablici izvještaja.
2025-02-19 14:39:17,530 ERROR [JavaFX Application Thread] h.j.e.h.LoggerUtil [LoggerUtil.java:17] Pogreška prilikom dohvaćanja podataka: Nema zapisa u tablici izvještaja.
2025-02-19 14:39:17,535 ERROR [JavaFX Application Thread] h.j.e.h.LoggerUtil [LoggerUtil.java:17] Pogreška prilikom dohvaćanja podataka: Nema zapisa u tablici izvještaja.
2025-02-19 14:39:18,533 ERROR [JavaFX Application Thread] h.j.e.h.LoggerUtil [LoggerUtil.java:17] Pogreška prilikom dohvaćanja podataka: Nema zapisa u tablici izvještaja.
2025-02-19 14:39:19,524 ERROR [JavaFX Application Thread] h.j.e.h.LoggerUtil [LoggerUtil.java:17] Pogreška prilikom dohvaćanja podataka: Nema zapisa u tablici izvještaja.
2025-02-19 14:39:20,534 ERROR [JavaFX Application Thread] h.j.e.h.LoggerUtil [LoggerUtil.java:17] Pogreška prilikom dohvaćanja podataka: Nema zapisa u tablici izvještaja.
2025-02-19 14:39:21,529 ERROR [JavaFX Application Thread] h.j.e.h.LoggerUtil [LoggerUtil.java:17] Pogreška prilikom dohvaćanja podataka: Nema zapisa u tablici izvještaja.
2025-02-19 14:39:22,537 ERROR [JavaFX Application Thread] h.j.e.h.LoggerUtil [LoggerUtil.java:17] Pogreška prilikom dohvaćanja podataka: Nema zapisa u tablici izvještaja.
2025-02-19 14:39:22,542 ERROR [JavaFX Application Thread] h.j.e.h.LoggerUtil [LoggerUtil.java:17] Pogreška prilikom dohvaćanja podataka: Nema zapisa u tablici izvještaja.
2025-02-19 14:39:23,524 ERROR [JavaFX Application Thread] h.j.e.h.LoggerUtil [LoggerUtil.java:17] Pogreška prilikom dohvaćanja podataka: Nema zapisa u tablici izvještaja.
2025-02-19 14:39:24,537 ERROR [JavaFX Application Thread] h.j.e.h.LoggerUtil [LoggerUtil.java:17] Pogreška prilikom dohvaćanja podataka: Nema zapisa u tablici izvještaja.
2025-02-19 14:39:25,529 ERROR [JavaFX Application Thread] h.j.e.h.LoggerUtil [LoggerUtil.java:17] Pogreška prilikom dohvaćanja podataka: Nema zapisa u tablici izvještaja.
2025-02-19 14:39:26,537 ERROR [JavaFX Application Thread] h.j.e.h.LoggerUtil [LoggerUtil.java:17] Pogreška prilikom dohvaćanja podataka: Nema zapisa u tablici izvještaja.
2025-02-19 15:17:52,445 ERROR [JavaFX Application Thread] h.j.e.h.LoggerUtil [LoggerUtil.java:21] Pokušaj prijave s krivom lozinkom za korisnika: adminUser@admin.com 
2025-02-19 15:18:00,292 INFO [JavaFX Application Thread] h.j.e.h.LoggerUtil [LoggerUtil.java:29] Korisnik adminUser@admin.com se uspješno prijavio
2025-02-19 15:18:18,677 INFO [JavaFX Application Thread] h.j.e.h.LoggerUtil [LoggerUtil.java:29] Korisnik adminUser@admin.com se uspješno prijavio
